optseq2
$Id: optseq2.c,v 2.22 2011/04/21 19:48:51 greve Exp $
NoSearch  = 0
nSearch  = 10000
nKeep    = 6
PctUpdate  = 10.000000
nCB1Opt  = 0
seed     = 198306
Ntp  = 360
TR   = 1.75
TPreScan   = 0
PSD Window   = 0 21 0.875
nEvTypes = 3
EvNo    Label Duration nRepsNom
 1 highconflict  5.250   27
 2 medconflict  5.250   27
 3 lowconflict  5.250   27
PctVarEvReps = 0
VarEvRepsPerCond = 0
PolyOrder = -1
tNullMax = 7.5
tNullMin = 1.75
AR1 = 0
No refractory penalty
Cost = eff
OutStem = 3cond
Summary File = 3cond.sum

Pct nSrch MinSrch Cost Eff Cb1Err VRFAvg VRFStd VRFMin VRFMax VRFRange nSince

BeginUpdateLog
 0       1     0.0   0.0942041  0.0942041  0.2099  6.96621  1.20608  5.40906  10.6684  5.25939 3816.65 0
 0       7     0.0   0.0952454  0.0952454  0.2593  7.00198  1.04599  5.462  10.2938  4.83177 3832.85 0
 0       7     0.0   0.0952454  0.0952454  0.2593  7.00198  1.04599  5.462  10.2938  4.83177 3832.85 0
 0       8     0.0   0.0952454  0.0952454  0.2593  7.00198  1.04599  5.462  10.2938  4.83177 3832.85 0
 0       8     0.0   0.0993754  0.0993754  0.1111  7.30351  1.05917  5.32639  10.4092  5.08283 3852.71 0
 0      10     0.0   0.0993754  0.0993754  0.1111  7.30351  1.05917  5.32639  10.4092  5.08283 3852.71 1
 0      10     0.0   0.0993754  0.0993754  0.1111  7.30351  1.05917  5.32639  10.4092  5.08283 3852.71 0
 0      13     0.0   0.0993754  0.0993754  0.1111  7.30351  1.05917  5.32639  10.4092  5.08283 3852.71 2
 0      13     0.0   0.0993754  0.0993754  0.1111  7.30351  1.05917  5.32639  10.4092  5.08283 3852.71 0
 0      14     0.0   0.0993754  0.0993754  0.1111  7.30351  1.05917  5.32639  10.4092  5.08283 3852.71 0
 0      14     0.0   0.0993754  0.0993754  0.1111  7.30351  1.05917  5.32639  10.4092  5.08283 3852.71 0
 0      15     0.0   0.0993754  0.0993754  0.1111  7.30351  1.05917  5.32639  10.4092  5.08283 3852.71 0
 0      15     0.0   0.0993754  0.0993754  0.1111  7.30351  1.05917  5.32639  10.4092  5.08283 3852.71 0
 0      16     0.0   0.0993754  0.0993754  0.1111  7.30351  1.05917  5.32639  10.4092  5.08283 3852.71 0
 0      16     0.0   0.0993754  0.0993754  0.1111  7.30351  1.05917  5.32639  10.4092  5.08283 3852.71 0
 0      18     0.0   0.0993754  0.0993754  0.1111  7.30351  1.05917  5.32639  10.4092  5.08283 3852.71 1
 0      18     0.0   0.0993754  0.0993754  0.1111  7.30351  1.05917  5.32639  10.4092  5.08283 3852.71 0
 0      22     0.0   0.0993754  0.0993754  0.1111  7.30351  1.05917  5.32639  10.4092  5.08283 3852.71 3
 0      22     0.0   0.0993754  0.0993754  0.1111  7.30351  1.05917  5.32639  10.4092  5.08283 3852.71 0
 0      30     0.0   0.0993754  0.0993754  0.1111  7.30351  1.05917  5.32639  10.4092  5.08283 3852.71 7
 0      30     0.0   0.100519  0.100519  0.1358  7.36192  0.976604  5.43811  10.2251  4.78696 3832.45 0
 0      31     0.0   0.100519  0.100519  0.1358  7.36192  0.976604  5.43811  10.2251  4.78696 3832.45 0
 0      31     0.0   0.100519  0.100519  0.1358  7.36192  0.976604  5.43811  10.2251  4.78696 3832.45 0
 0      34     0.0   0.100519  0.100519  0.1358  7.36192  0.976604  5.43811  10.2251  4.78696 3832.45 2
 0      34     0.0   0.100519  0.100519  0.1358  7.36192  0.976604  5.43811  10.2251  4.78696 3832.45 0
 0      37     0.0   0.100519  0.100519  0.1358  7.36192  0.976604  5.43811  10.2251  4.78696 3832.45 2
 0      37     0.0   0.100519  0.100519  0.1358  7.36192  0.976604  5.43811  10.2251  4.78696 3832.45 0
 0      38     0.0   0.100519  0.100519  0.1358  7.36192  0.976604  5.43811  10.2251  4.78696 3832.45 0
 0      38     0.0   0.100519  0.100519  0.1358  7.36192  0.976604  5.43811  10.2251  4.78696 3832.45 0
 0      45     0.0   0.100519  0.100519  0.1358  7.36192  0.976604  5.43811  10.2251  4.78696 3832.45 6
 0      45     0.0   0.100519  0.100519  0.1358  7.36192  0.976604  5.43811  10.2251  4.78696 3832.45 0
 1     123     0.0   0.100519  0.100519  0.1358  7.36192  0.976604  5.43811  10.2251  4.78696 3832.45 77
 1     123     0.0   0.100519  0.100519  0.1358  7.36192  0.976604  5.43811  10.2251  4.78696 3832.45 0
 2     249     0.1   0.100519  0.100519  0.1358  7.36192  0.976604  5.43811  10.2251  4.78696 3832.45 125
 2     249     0.1   0.100519  0.100519  0.1358  7.36192  0.976604  5.43811  10.2251  4.78696 3832.45 0
 2     261     0.1   0.100519  0.100519  0.1358  7.36192  0.976604  5.43811  10.2251  4.78696 3832.45 11
 2     261     0.1   0.100519  0.100519  0.1358  7.36192  0.976604  5.43811  10.2251  4.78696 3832.45 0
 2     296     0.1   0.100519  0.100519  0.1358  7.36192  0.976604  5.43811  10.2251  4.78696 3832.45 34
 2     296     0.1   0.101039  0.101039  0.2099  7.49364  1.26219  5.04943  10.8569  5.80745 3816.45 0
 3     311     0.1   0.101039  0.101039  0.2099  7.49364  1.26219  5.04943  10.8569  5.80745 3816.45 14
 3     311     0.1   0.101039  0.101039  0.2099  7.49364  1.26219  5.04943  10.8569  5.80745 3816.45 0
 3     342     0.1   0.101039  0.101039  0.2099  7.49364  1.26219  5.04943  10.8569  5.80745 3816.45 30
 3     342     0.1   0.101039  0.101039  0.2099  7.49364  1.26219  5.04943  10.8569  5.80745 3816.45 0
 4     425     0.1   0.101039  0.101039  0.2099  7.49364  1.26219  5.04943  10.8569  5.80745 3816.45 82
 4     425     0.1   0.101039  0.101039  0.2099  7.49364  1.26219  5.04943  10.8569  5.80745 3816.45 0
 4     431     0.1   0.101039  0.101039  0.2099  7.49364  1.26219  5.04943  10.8569  5.80745 3816.45 5
 4     431     0.1   0.101039  0.101039  0.2099  7.49364  1.26219  5.04943  10.8569  5.80745 3816.45 0
 5     504     0.1   0.101039  0.101039  0.2099  7.49364  1.26219  5.04943  10.8569  5.80745 3816.45 72
 5     504     0.1   0.101039  0.101039  0.2099  7.49364  1.26219  5.04943  10.8569  5.80745 3816.45 0
 7     708     0.2   0.101039  0.101039  0.2099  7.49364  1.26219  5.04943  10.8569  5.80745 3816.45 203
 7     708     0.2   0.101738  0.101738  0.1852  7.52516  1.23408  5.2046  10.8927  5.68814 3780.25 0
 7     772     0.2   0.101738  0.101738  0.1852  7.52516  1.23408  5.2046  10.8927  5.68814 3780.25 63
 7     772     0.2   0.104097  0.104097  0.2346  7.56094  0.72873  6.37719  9.58166  3.20448 3878.45 0
 8     813     0.2   0.104097  0.104097  0.2346  7.56094  0.72873  6.37719  9.58166  3.20448 3878.45 40
 8     813     0.2   0.104097  0.104097  0.2346  7.56094  0.72873  6.37719  9.58166  3.20448 3878.45 0
 8     846     0.2   0.104097  0.104097  0.2346  7.56094  0.72873  6.37719  9.58166  3.20448 3878.45 32
 8     846     0.2   0.104097  0.104097  0.2346  7.56094  0.72873  6.37719  9.58166  3.20448 3878.45 0
 8     851     0.2   0.104097  0.104097  0.2346  7.56094  0.72873  6.37719  9.58166  3.20448 3878.45 4
 8     851     0.2   0.104097  0.104097  0.2346  7.56094  0.72873  6.37719  9.58166  3.20448 3878.45 0
 9     995     0.3   0.104097  0.104097  0.2346  7.56094  0.72873  6.37719  9.58166  3.20448 3878.45 143
 9     995     0.3   0.104097  0.104097  0.2346  7.56094  0.72873  6.37719  9.58166  3.20448 3878.45 0
11    1100     0.3   0.104097  0.104097  0.2346  7.56094  0.72873  6.37719  9.58166  3.20448 3878.45 105
11    1122     0.3   0.104097  0.104097  0.2346  7.56094  0.72873  6.37719  9.58166  3.20448 3878.45 126
11    1122     0.3   0.104097  0.104097  0.2346  7.56094  0.72873  6.37719  9.58166  3.20448 3878.45 0
11    1171     0.3   0.104097  0.104097  0.2346  7.56094  0.72873  6.37719  9.58166  3.20448 3878.45 48
11    1171     0.3   0.104097  0.104097  0.2346  7.56094  0.72873  6.37719  9.58166  3.20448 3878.45 0
12    1295     0.3   0.104097  0.104097  0.2346  7.56094  0.72873  6.37719  9.58166  3.20448 3878.45 123
12    1295     0.3   0.10661  0.10661  0.1358  7.76457  0.842984  6.22722  9.86523  3.63801 3703.2 0
13    1340     0.4   0.10661  0.10661  0.1358  7.76457  0.842984  6.22722  9.86523  3.63801 3703.2 44
13    1340     0.4   0.10661  0.10661  0.1358  7.76457  0.842984  6.22722  9.86523  3.63801 3703.2 0
16    1672     0.4   0.10661  0.10661  0.1358  7.76457  0.842984  6.22722  9.86523  3.63801 3703.2 331
16    1672     0.4   0.10661  0.10661  0.1358  7.76457  0.842984  6.22722  9.86523  3.63801 3703.2 0
16    1679     0.5   0.10661  0.10661  0.1358  7.76457  0.842984  6.22722  9.86523  3.63801 3703.2 6
16    1679     0.5   0.10661  0.10661  0.1358  7.76457  0.842984  6.22722  9.86523  3.63801 3703.2 0
19    1999     0.6   0.10661  0.10661  0.1358  7.76457  0.842984  6.22722  9.86523  3.63801 3703.2 319
19    1999     0.6   0.10661  0.10661  0.1358  7.76457  0.842984  6.22722  9.86523  3.63801 3703.2 0
20    2089     0.6   0.10661  0.10661  0.1358  7.76457  0.842984  6.22722  9.86523  3.63801 3703.2 89
20    2089     0.6   0.10661  0.10661  0.1358  7.76457  0.842984  6.22722  9.86523  3.63801 3703.2 0
22    2200     0.6   0.10661  0.10661  0.1358  7.76457  0.842984  6.22722  9.86523  3.63801 3703.2 111
33    3300     1.0   0.10661  0.10661  0.1358  7.76457  0.842984  6.22722  9.86523  3.63801 3703.2 1211
34    3452     1.0   0.10661  0.10661  0.1358  7.76457  0.842984  6.22722  9.86523  3.63801 3703.2 1362
34    3452     1.0   0.10661  0.10661  0.1358  7.76457  0.842984  6.22722  9.86523  3.63801 3703.2 0
44    4400     1.3   0.10661  0.10661  0.1358  7.76457  0.842984  6.22722  9.86523  3.63801 3703.2 948
46    4668     1.4   0.10661  0.10661  0.1358  7.76457  0.842984  6.22722  9.86523  3.63801 3703.2 1215
46    4668     1.4   0.10661  0.10661  0.1358  7.76457  0.842984  6.22722  9.86523  3.63801 3703.2 0
55    5500     1.6   0.10661  0.10661  0.1358  7.76457  0.842984  6.22722  9.86523  3.63801 3703.2 832
60    6046     1.7   0.10661  0.10661  0.1358  7.76457  0.842984  6.22722  9.86523  3.63801 3703.2 1377
60    6046     1.7   0.10661  0.10661  0.1358  7.76457  0.842984  6.22722  9.86523  3.63801 3703.2 0
66    6600     1.9   0.10661  0.10661  0.1358  7.76457  0.842984  6.22722  9.86523  3.63801 3703.2 554
77    7700     2.1   0.10661  0.10661  0.1358  7.76457  0.842984  6.22722  9.86523  3.63801 3703.2 1654
83    8385     2.3   0.10661  0.10661  0.1358  7.76457  0.842984  6.22722  9.86523  3.63801 3703.2 2338
83    8385     2.3   0.10661  0.10661  0.1358  7.76457  0.842984  6.22722  9.86523  3.63801 3703.2 0
88    8800     2.4   0.10661  0.10661  0.1358  7.76457  0.842984  6.22722  9.86523  3.63801 3703.2 415
99    9900     2.7   0.10661  0.10661  0.1358  7.76457  0.842984  6.22722  9.86523  3.63801 3703.2 1515
100   10000     2.8   0.10661  0.10661  0.1358  7.76457  0.842984  6.22722  9.86523  3.63801 3703.2 1615
EndUpdateLog

Done
